<?xml version="1.0" encoding="UTF-8"?>
<!-- Generated by org.testng.reporters.JUnitReportReporter -->
<testsuite hostname="Lincy1994" failures="0" tests="2" name="TestRunner8.CucumberTestRunner8ForTags" time="0.071" errors="0" timestamp="2024-07-24T12:12:58 IST" skipped="0">
  <testcase classname="TestRunner8.CucumberTestRunner8ForTags" name="runScenario" time="0.009"/>
  <testcase classname="TestRunner8.CucumberTestRunner8ForTags" name="runScenario" time="0.062"/>
</testsuite> <!-- TestRunner8.CucumberTestRunner8ForTags -->
