<?xml version="1.0" encoding="UTF-8"?>
<!-- Generated by org.testng.reporters.JUnitReportReporter -->
<testsuite hostname="Lincy1994" failures="0" tests="1" name="TestRunner8.CucumberTestRunner8" time="5.374" errors="0" timestamp="2024-07-24T12:08:51 IST" skipped="0">
  <testcase classname="TestRunner8.CucumberTestRunner8" name="runScenario" time="5.374"/>
</testsuite> <!-- TestRunner8.CucumberTestRunner8 -->
