<?xml version="1.0" encoding="UTF-8"?>
<!-- Generated by org.testng.reporters.JUnitReportReporter -->
<testsuite hostname="Lincy1994" failures="0" tests="5" name="TestRunner8.CucumberTestRunner8ForTags" time="0.054" errors="0" timestamp="2024-07-24T13:18:02 IST" skipped="0">
  <testcase classname="TestRunner8.CucumberTestRunner8ForTags" name="runScenario" time="0.000"/>
  <testcase classname="TestRunner8.CucumberTestRunner8ForTags" name="runScenario" time="0.007"/>
  <testcase classname="TestRunner8.CucumberTestRunner8ForTags" name="runScenario" time="0.000"/>
  <testcase classname="TestRunner8.CucumberTestRunner8ForTags" name="runScenario" time="0.000"/>
  <testcase classname="TestRunner8.CucumberTestRunner8ForTags" name="runScenario" time="0.047"/>
</testsuite> <!-- TestRunner8.CucumberTestRunner8ForTags -->
